<?xml version="1.0" encoding="UTF-8"?>
<testng-results ignored="0" total="1" passed="1" failed="0" skipped="0">
  <reporter-output>
  </reporter-output>
  <suite started-at="2025-07-27T12:56:10 IST" name="Default suite" finished-at="2025-07-27T12:56:19 IST" duration-ms="8639">
    <groups>
    </groups>
    <test started-at="2025-07-27T12:56:10 IST" name="Default test" finished-at="2025-07-27T12:56:19 IST" duration-ms="8639">
      <class name="com.orangehrm.tests.LoginTest">
        <test-method is-config="true" signature="setupReport()[pri:0, instance:com.orangehrm.tests.LoginTest@17f62e33]" started-at="2025-07-27T12:56:10 IST" name="setupReport" finished-at="2025-07-27T12:56:10 IST" duration-ms="420" status="PASS">
          <reporter-output>
          </reporter-output>
        </test-method> <!-- setupReport -->
        <test-method is-config="true" signature="setUp()[pri:0, instance:com.orangehrm.tests.LoginTest@17f62e33]" started-at="2025-07-27T12:56:10 IST" name="setUp" finished-at="2025-07-27T12:56:13 IST" duration-ms="3043" status="PASS">
          <reporter-output>
          </reporter-output>
        </test-method> <!-- setUp -->
        <test-method signature="validLoginTest()[pri:0, instance:com.orangehrm.tests.LoginTest@17f62e33]" started-at="2025-07-27T12:56:13 IST" name="validLoginTest" finished-at="2025-07-27T12:56:18 IST" duration-ms="5227" status="PASS">
          <reporter-output>
          </reporter-output>
        </test-method> <!-- validLoginTest -->
        <test-method is-config="true" signature="tearDown()[pri:0, instance:com.orangehrm.tests.LoginTest@17f62e33]" started-at="2025-07-27T12:56:18 IST" name="tearDown" finished-at="2025-07-27T12:56:19 IST" duration-ms="312" status="PASS">
          <reporter-output>
          </reporter-output>
        </test-method> <!-- tearDown -->
        <test-method is-config="true" signature="flushReport()[pri:0, instance:com.orangehrm.tests.LoginTest@17f62e33]" started-at="2025-07-27T12:56:19 IST" name="flushReport" finished-at="2025-07-27T12:56:19 IST" duration-ms="690" status="PASS">
          <reporter-output>
          </reporter-output>
        </test-method> <!-- flushReport -->
      </class> <!-- com.orangehrm.tests.LoginTest -->
    </test> <!-- Default test -->
  </suite> <!-- Default suite -->
</testng-results>
